
build/bios/kernel/kernel.elf:     file format elf64-x86-64


Disassembly of section .text:

0000000000200000 <test>:
  200000:	55                   	push   %rbp
  200001:	48 89 e5             	mov    %rsp,%rbp
  200004:	b8 01 00 00 00       	mov    $0x1,%eax
  200009:	5d                   	pop    %rbp
  20000a:	c3                   	retq   
  20000b:	66 2e 0f 1f 84 00 00 	nopw   %cs:0x0(%rax,%rax,1)
  200012:	00 00 00 
  200015:	66 2e 0f 1f 84 00 00 	nopw   %cs:0x0(%rax,%rax,1)
  20001c:	00 00 00 
  20001f:	66 2e 0f 1f 84 00 00 	nopw   %cs:0x0(%rax,%rax,1)
  200026:	00 00 00 
  200029:	66 2e 0f 1f 84 00 00 	nopw   %cs:0x0(%rax,%rax,1)
  200030:	00 00 00 
  200033:	66 2e 0f 1f 84 00 00 	nopw   %cs:0x0(%rax,%rax,1)
  20003a:	00 00 00 
  20003d:	66 2e 0f 1f 84 00 00 	nopw   %cs:0x0(%rax,%rax,1)
  200044:	00 00 00 
  200047:	66 2e 0f 1f 84 00 00 	nopw   %cs:0x0(%rax,%rax,1)
  20004e:	00 00 00 
  200051:	66 2e 0f 1f 84 00 00 	nopw   %cs:0x0(%rax,%rax,1)
  200058:	00 00 00 
  20005b:	66 2e 0f 1f 84 00 00 	nopw   %cs:0x0(%rax,%rax,1)
  200062:	00 00 00 
  200065:	66 2e 0f 1f 84 00 00 	nopw   %cs:0x0(%rax,%rax,1)
  20006c:	00 00 00 
  20006f:	66 2e 0f 1f 84 00 00 	nopw   %cs:0x0(%rax,%rax,1)
  200076:	00 00 00 
  200079:	66 2e 0f 1f 84 00 00 	nopw   %cs:0x0(%rax,%rax,1)
  200080:	00 00 00 
  200083:	66 2e 0f 1f 84 00 00 	nopw   %cs:0x0(%rax,%rax,1)
  20008a:	00 00 00 
  20008d:	66 2e 0f 1f 84 00 00 	nopw   %cs:0x0(%rax,%rax,1)
  200094:	00 00 00 
  200097:	66 2e 0f 1f 84 00 00 	nopw   %cs:0x0(%rax,%rax,1)
  20009e:	00 00 00 
  2000a1:	66 2e 0f 1f 84 00 00 	nopw   %cs:0x0(%rax,%rax,1)
  2000a8:	00 00 00 
  2000ab:	66 2e 0f 1f 84 00 00 	nopw   %cs:0x0(%rax,%rax,1)
  2000b2:	00 00 00 
  2000b5:	66 2e 0f 1f 84 00 00 	nopw   %cs:0x0(%rax,%rax,1)
  2000bc:	00 00 00 
  2000bf:	66 2e 0f 1f 84 00 00 	nopw   %cs:0x0(%rax,%rax,1)
  2000c6:	00 00 00 
  2000c9:	66 2e 0f 1f 84 00 00 	nopw   %cs:0x0(%rax,%rax,1)
  2000d0:	00 00 00 
  2000d3:	66 2e 0f 1f 84 00 00 	nopw   %cs:0x0(%rax,%rax,1)
  2000da:	00 00 00 
  2000dd:	66 2e 0f 1f 84 00 00 	nopw   %cs:0x0(%rax,%rax,1)
  2000e4:	00 00 00 
  2000e7:	66 2e 0f 1f 84 00 00 	nopw   %cs:0x0(%rax,%rax,1)
  2000ee:	00 00 00 
  2000f1:	66 2e 0f 1f 84 00 00 	nopw   %cs:0x0(%rax,%rax,1)
  2000f8:	00 00 00 
  2000fb:	66 2e 0f 1f 84 00 00 	nopw   %cs:0x0(%rax,%rax,1)
  200102:	00 00 00 
  200105:	66 2e 0f 1f 84 00 00 	nopw   %cs:0x0(%rax,%rax,1)
  20010c:	00 00 00 
  20010f:	66 2e 0f 1f 84 00 00 	nopw   %cs:0x0(%rax,%rax,1)
  200116:	00 00 00 
  200119:	66 2e 0f 1f 84 00 00 	nopw   %cs:0x0(%rax,%rax,1)
  200120:	00 00 00 
  200123:	66 2e 0f 1f 84 00 00 	nopw   %cs:0x0(%rax,%rax,1)
  20012a:	00 00 00 
  20012d:	66 2e 0f 1f 84 00 00 	nopw   %cs:0x0(%rax,%rax,1)
  200134:	00 00 00 
  200137:	66 2e 0f 1f 84 00 00 	nopw   %cs:0x0(%rax,%rax,1)
  20013e:	00 00 00 
  200141:	66 2e 0f 1f 84 00 00 	nopw   %cs:0x0(%rax,%rax,1)
  200148:	00 00 00 
  20014b:	66 2e 0f 1f 84 00 00 	nopw   %cs:0x0(%rax,%rax,1)
  200152:	00 00 00 
  200155:	66 2e 0f 1f 84 00 00 	nopw   %cs:0x0(%rax,%rax,1)
  20015c:	00 00 00 
  20015f:	66 2e 0f 1f 84 00 00 	nopw   %cs:0x0(%rax,%rax,1)
  200166:	00 00 00 
  200169:	66 2e 0f 1f 84 00 00 	nopw   %cs:0x0(%rax,%rax,1)
  200170:	00 00 00 
  200173:	66 2e 0f 1f 84 00 00 	nopw   %cs:0x0(%rax,%rax,1)
  20017a:	00 00 00 
  20017d:	66 2e 0f 1f 84 00 00 	nopw   %cs:0x0(%rax,%rax,1)
  200184:	00 00 00 
  200187:	66 2e 0f 1f 84 00 00 	nopw   %cs:0x0(%rax,%rax,1)
  20018e:	00 00 00 
  200191:	66 2e 0f 1f 84 00 00 	nopw   %cs:0x0(%rax,%rax,1)
  200198:	00 00 00 
  20019b:	66 2e 0f 1f 84 00 00 	nopw   %cs:0x0(%rax,%rax,1)
  2001a2:	00 00 00 
  2001a5:	66 2e 0f 1f 84 00 00 	nopw   %cs:0x0(%rax,%rax,1)
  2001ac:	00 00 00 
  2001af:	66 2e 0f 1f 84 00 00 	nopw   %cs:0x0(%rax,%rax,1)
  2001b6:	00 00 00 
  2001b9:	66 2e 0f 1f 84 00 00 	nopw   %cs:0x0(%rax,%rax,1)
  2001c0:	00 00 00 
  2001c3:	66 2e 0f 1f 84 00 00 	nopw   %cs:0x0(%rax,%rax,1)
  2001ca:	00 00 00 
  2001cd:	66 2e 0f 1f 84 00 00 	nopw   %cs:0x0(%rax,%rax,1)
  2001d4:	00 00 00 
  2001d7:	66 2e 0f 1f 84 00 00 	nopw   %cs:0x0(%rax,%rax,1)
  2001de:	00 00 00 
  2001e1:	66 2e 0f 1f 84 00 00 	nopw   %cs:0x0(%rax,%rax,1)
  2001e8:	00 00 00 
  2001eb:	66 2e 0f 1f 84 00 00 	nopw   %cs:0x0(%rax,%rax,1)
  2001f2:	00 00 00 
  2001f5:	66 2e 0f 1f 84 00 00 	nopw   %cs:0x0(%rax,%rax,1)
  2001fc:	00 00 00 
  2001ff:	66 2e 0f 1f 84 00 00 	nopw   %cs:0x0(%rax,%rax,1)
  200206:	00 00 00 
  200209:	66 2e 0f 1f 84 00 00 	nopw   %cs:0x0(%rax,%rax,1)
  200210:	00 00 00 
  200213:	66 2e 0f 1f 84 00 00 	nopw   %cs:0x0(%rax,%rax,1)
  20021a:	00 00 00 
  20021d:	66 2e 0f 1f 84 00 00 	nopw   %cs:0x0(%rax,%rax,1)
  200224:	00 00 00 
  200227:	66 2e 0f 1f 84 00 00 	nopw   %cs:0x0(%rax,%rax,1)
  20022e:	00 00 00 
  200231:	66 2e 0f 1f 84 00 00 	nopw   %cs:0x0(%rax,%rax,1)
  200238:	00 00 00 
  20023b:	66 2e 0f 1f 84 00 00 	nopw   %cs:0x0(%rax,%rax,1)
  200242:	00 00 00 
  200245:	66 2e 0f 1f 84 00 00 	nopw   %cs:0x0(%rax,%rax,1)
  20024c:	00 00 00 
  20024f:	66 2e 0f 1f 84 00 00 	nopw   %cs:0x0(%rax,%rax,1)
  200256:	00 00 00 
  200259:	66 2e 0f 1f 84 00 00 	nopw   %cs:0x0(%rax,%rax,1)
  200260:	00 00 00 
  200263:	66 2e 0f 1f 84 00 00 	nopw   %cs:0x0(%rax,%rax,1)
  20026a:	00 00 00 
  20026d:	66 2e 0f 1f 84 00 00 	nopw   %cs:0x0(%rax,%rax,1)
  200274:	00 00 00 
  200277:	66 2e 0f 1f 84 00 00 	nopw   %cs:0x0(%rax,%rax,1)
  20027e:	00 00 00 
  200281:	66 2e 0f 1f 84 00 00 	nopw   %cs:0x0(%rax,%rax,1)
  200288:	00 00 00 
  20028b:	66 2e 0f 1f 84 00 00 	nopw   %cs:0x0(%rax,%rax,1)
  200292:	00 00 00 
  200295:	66 2e 0f 1f 84 00 00 	nopw   %cs:0x0(%rax,%rax,1)
  20029c:	00 00 00 
  20029f:	66 2e 0f 1f 84 00 00 	nopw   %cs:0x0(%rax,%rax,1)
  2002a6:	00 00 00 
  2002a9:	66 2e 0f 1f 84 00 00 	nopw   %cs:0x0(%rax,%rax,1)
  2002b0:	00 00 00 
  2002b3:	66 2e 0f 1f 84 00 00 	nopw   %cs:0x0(%rax,%rax,1)
  2002ba:	00 00 00 
  2002bd:	66 2e 0f 1f 84 00 00 	nopw   %cs:0x0(%rax,%rax,1)
  2002c4:	00 00 00 
  2002c7:	66 2e 0f 1f 84 00 00 	nopw   %cs:0x0(%rax,%rax,1)
  2002ce:	00 00 00 
  2002d1:	66 2e 0f 1f 84 00 00 	nopw   %cs:0x0(%rax,%rax,1)
  2002d8:	00 00 00 
  2002db:	66 2e 0f 1f 84 00 00 	nopw   %cs:0x0(%rax,%rax,1)
  2002e2:	00 00 00 
  2002e5:	66 2e 0f 1f 84 00 00 	nopw   %cs:0x0(%rax,%rax,1)
  2002ec:	00 00 00 
  2002ef:	66 2e 0f 1f 84 00 00 	nopw   %cs:0x0(%rax,%rax,1)
  2002f6:	00 00 00 
  2002f9:	66 2e 0f 1f 84 00 00 	nopw   %cs:0x0(%rax,%rax,1)
  200300:	00 00 00 
  200303:	66 2e 0f 1f 84 00 00 	nopw   %cs:0x0(%rax,%rax,1)
  20030a:	00 00 00 
  20030d:	66 2e 0f 1f 84 00 00 	nopw   %cs:0x0(%rax,%rax,1)
  200314:	00 00 00 
  200317:	66 2e 0f 1f 84 00 00 	nopw   %cs:0x0(%rax,%rax,1)
  20031e:	00 00 00 
  200321:	66 2e 0f 1f 84 00 00 	nopw   %cs:0x0(%rax,%rax,1)
  200328:	00 00 00 
  20032b:	66 2e 0f 1f 84 00 00 	nopw   %cs:0x0(%rax,%rax,1)
  200332:	00 00 00 
  200335:	66 2e 0f 1f 84 00 00 	nopw   %cs:0x0(%rax,%rax,1)
  20033c:	00 00 00 
  20033f:	66 2e 0f 1f 84 00 00 	nopw   %cs:0x0(%rax,%rax,1)
  200346:	00 00 00 
  200349:	66 2e 0f 1f 84 00 00 	nopw   %cs:0x0(%rax,%rax,1)
  200350:	00 00 00 
  200353:	66 2e 0f 1f 84 00 00 	nopw   %cs:0x0(%rax,%rax,1)
  20035a:	00 00 00 
  20035d:	66 2e 0f 1f 84 00 00 	nopw   %cs:0x0(%rax,%rax,1)
  200364:	00 00 00 
  200367:	66 2e 0f 1f 84 00 00 	nopw   %cs:0x0(%rax,%rax,1)
  20036e:	00 00 00 
  200371:	66 2e 0f 1f 84 00 00 	nopw   %cs:0x0(%rax,%rax,1)
  200378:	00 00 00 
  20037b:	66 2e 0f 1f 84 00 00 	nopw   %cs:0x0(%rax,%rax,1)
  200382:	00 00 00 
  200385:	66 2e 0f 1f 84 00 00 	nopw   %cs:0x0(%rax,%rax,1)
  20038c:	00 00 00 
  20038f:	66 2e 0f 1f 84 00 00 	nopw   %cs:0x0(%rax,%rax,1)
  200396:	00 00 00 
  200399:	66 2e 0f 1f 84 00 00 	nopw   %cs:0x0(%rax,%rax,1)
  2003a0:	00 00 00 
  2003a3:	66 2e 0f 1f 84 00 00 	nopw   %cs:0x0(%rax,%rax,1)
  2003aa:	00 00 00 
  2003ad:	66 2e 0f 1f 84 00 00 	nopw   %cs:0x0(%rax,%rax,1)
  2003b4:	00 00 00 
  2003b7:	66 2e 0f 1f 84 00 00 	nopw   %cs:0x0(%rax,%rax,1)
  2003be:	00 00 00 
  2003c1:	66 2e 0f 1f 84 00 00 	nopw   %cs:0x0(%rax,%rax,1)
  2003c8:	00 00 00 
  2003cb:	66 2e 0f 1f 84 00 00 	nopw   %cs:0x0(%rax,%rax,1)
  2003d2:	00 00 00 
  2003d5:	66 2e 0f 1f 84 00 00 	nopw   %cs:0x0(%rax,%rax,1)
  2003dc:	00 00 00 
  2003df:	66 2e 0f 1f 84 00 00 	nopw   %cs:0x0(%rax,%rax,1)
  2003e6:	00 00 00 
  2003e9:	66 2e 0f 1f 84 00 00 	nopw   %cs:0x0(%rax,%rax,1)
  2003f0:	00 00 00 
  2003f3:	66 2e 0f 1f 84 00 00 	nopw   %cs:0x0(%rax,%rax,1)
  2003fa:	00 00 00 
  2003fd:	66 2e 0f 1f 84 00 00 	nopw   %cs:0x0(%rax,%rax,1)
  200404:	00 00 00 
  200407:	66 2e 0f 1f 84 00 00 	nopw   %cs:0x0(%rax,%rax,1)
  20040e:	00 00 00 
  200411:	66 2e 0f 1f 84 00 00 	nopw   %cs:0x0(%rax,%rax,1)
  200418:	00 00 00 
  20041b:	66 2e 0f 1f 84 00 00 	nopw   %cs:0x0(%rax,%rax,1)
  200422:	00 00 00 
  200425:	66 2e 0f 1f 84 00 00 	nopw   %cs:0x0(%rax,%rax,1)
  20042c:	00 00 00 
  20042f:	66 2e 0f 1f 84 00 00 	nopw   %cs:0x0(%rax,%rax,1)
  200436:	00 00 00 
  200439:	66 2e 0f 1f 84 00 00 	nopw   %cs:0x0(%rax,%rax,1)
  200440:	00 00 00 
  200443:	66 2e 0f 1f 84 00 00 	nopw   %cs:0x0(%rax,%rax,1)
  20044a:	00 00 00 
  20044d:	66 2e 0f 1f 84 00 00 	nopw   %cs:0x0(%rax,%rax,1)
  200454:	00 00 00 
  200457:	66 2e 0f 1f 84 00 00 	nopw   %cs:0x0(%rax,%rax,1)
  20045e:	00 00 00 
  200461:	66 2e 0f 1f 84 00 00 	nopw   %cs:0x0(%rax,%rax,1)
  200468:	00 00 00 
  20046b:	66 2e 0f 1f 84 00 00 	nopw   %cs:0x0(%rax,%rax,1)
  200472:	00 00 00 
  200475:	66 2e 0f 1f 84 00 00 	nopw   %cs:0x0(%rax,%rax,1)
  20047c:	00 00 00 
  20047f:	66 2e 0f 1f 84 00 00 	nopw   %cs:0x0(%rax,%rax,1)
  200486:	00 00 00 
  200489:	66 2e 0f 1f 84 00 00 	nopw   %cs:0x0(%rax,%rax,1)
  200490:	00 00 00 
  200493:	66 2e 0f 1f 84 00 00 	nopw   %cs:0x0(%rax,%rax,1)
  20049a:	00 00 00 
  20049d:	66 2e 0f 1f 84 00 00 	nopw   %cs:0x0(%rax,%rax,1)
  2004a4:	00 00 00 
  2004a7:	66 2e 0f 1f 84 00 00 	nopw   %cs:0x0(%rax,%rax,1)
  2004ae:	00 00 00 
  2004b1:	66 2e 0f 1f 84 00 00 	nopw   %cs:0x0(%rax,%rax,1)
  2004b8:	00 00 00 
  2004bb:	66 2e 0f 1f 84 00 00 	nopw   %cs:0x0(%rax,%rax,1)
  2004c2:	00 00 00 
  2004c5:	66 2e 0f 1f 84 00 00 	nopw   %cs:0x0(%rax,%rax,1)
  2004cc:	00 00 00 
  2004cf:	66 2e 0f 1f 84 00 00 	nopw   %cs:0x0(%rax,%rax,1)
  2004d6:	00 00 00 
  2004d9:	66 2e 0f 1f 84 00 00 	nopw   %cs:0x0(%rax,%rax,1)
  2004e0:	00 00 00 
  2004e3:	66 2e 0f 1f 84 00 00 	nopw   %cs:0x0(%rax,%rax,1)
  2004ea:	00 00 00 
  2004ed:	66 2e 0f 1f 84 00 00 	nopw   %cs:0x0(%rax,%rax,1)
  2004f4:	00 00 00 
  2004f7:	66 2e 0f 1f 84 00 00 	nopw   %cs:0x0(%rax,%rax,1)
  2004fe:	00 00 00 
  200501:	66 2e 0f 1f 84 00 00 	nopw   %cs:0x0(%rax,%rax,1)
  200508:	00 00 00 
  20050b:	66 2e 0f 1f 84 00 00 	nopw   %cs:0x0(%rax,%rax,1)
  200512:	00 00 00 
  200515:	66 2e 0f 1f 84 00 00 	nopw   %cs:0x0(%rax,%rax,1)
  20051c:	00 00 00 
  20051f:	66 2e 0f 1f 84 00 00 	nopw   %cs:0x0(%rax,%rax,1)
  200526:	00 00 00 
  200529:	66 2e 0f 1f 84 00 00 	nopw   %cs:0x0(%rax,%rax,1)
  200530:	00 00 00 
  200533:	66 2e 0f 1f 84 00 00 	nopw   %cs:0x0(%rax,%rax,1)
  20053a:	00 00 00 
  20053d:	66 2e 0f 1f 84 00 00 	nopw   %cs:0x0(%rax,%rax,1)
  200544:	00 00 00 
  200547:	66 2e 0f 1f 84 00 00 	nopw   %cs:0x0(%rax,%rax,1)
  20054e:	00 00 00 
  200551:	66 2e 0f 1f 84 00 00 	nopw   %cs:0x0(%rax,%rax,1)
  200558:	00 00 00 
  20055b:	66 2e 0f 1f 84 00 00 	nopw   %cs:0x0(%rax,%rax,1)
  200562:	00 00 00 
  200565:	66 2e 0f 1f 84 00 00 	nopw   %cs:0x0(%rax,%rax,1)
  20056c:	00 00 00 
  20056f:	66 2e 0f 1f 84 00 00 	nopw   %cs:0x0(%rax,%rax,1)
  200576:	00 00 00 
  200579:	66 2e 0f 1f 84 00 00 	nopw   %cs:0x0(%rax,%rax,1)
  200580:	00 00 00 
  200583:	66 2e 0f 1f 84 00 00 	nopw   %cs:0x0(%rax,%rax,1)
  20058a:	00 00 00 
  20058d:	66 2e 0f 1f 84 00 00 	nopw   %cs:0x0(%rax,%rax,1)
  200594:	00 00 00 
  200597:	66 2e 0f 1f 84 00 00 	nopw   %cs:0x0(%rax,%rax,1)
  20059e:	00 00 00 
  2005a1:	66 2e 0f 1f 84 00 00 	nopw   %cs:0x0(%rax,%rax,1)
  2005a8:	00 00 00 
  2005ab:	66 2e 0f 1f 84 00 00 	nopw   %cs:0x0(%rax,%rax,1)
  2005b2:	00 00 00 
  2005b5:	66 2e 0f 1f 84 00 00 	nopw   %cs:0x0(%rax,%rax,1)
  2005bc:	00 00 00 
  2005bf:	66 2e 0f 1f 84 00 00 	nopw   %cs:0x0(%rax,%rax,1)
  2005c6:	00 00 00 
  2005c9:	66 2e 0f 1f 84 00 00 	nopw   %cs:0x0(%rax,%rax,1)
  2005d0:	00 00 00 
  2005d3:	66 2e 0f 1f 84 00 00 	nopw   %cs:0x0(%rax,%rax,1)
  2005da:	00 00 00 
  2005dd:	66 2e 0f 1f 84 00 00 	nopw   %cs:0x0(%rax,%rax,1)
  2005e4:	00 00 00 
  2005e7:	66 2e 0f 1f 84 00 00 	nopw   %cs:0x0(%rax,%rax,1)
  2005ee:	00 00 00 
  2005f1:	66 2e 0f 1f 84 00 00 	nopw   %cs:0x0(%rax,%rax,1)
  2005f8:	00 00 00 
  2005fb:	66 2e 0f 1f 84 00 00 	nopw   %cs:0x0(%rax,%rax,1)
  200602:	00 00 00 
  200605:	66 2e 0f 1f 84 00 00 	nopw   %cs:0x0(%rax,%rax,1)
  20060c:	00 00 00 
  20060f:	66 2e 0f 1f 84 00 00 	nopw   %cs:0x0(%rax,%rax,1)
  200616:	00 00 00 
  200619:	66 2e 0f 1f 84 00 00 	nopw   %cs:0x0(%rax,%rax,1)
  200620:	00 00 00 
  200623:	66 2e 0f 1f 84 00 00 	nopw   %cs:0x0(%rax,%rax,1)
  20062a:	00 00 00 
  20062d:	66 2e 0f 1f 84 00 00 	nopw   %cs:0x0(%rax,%rax,1)
  200634:	00 00 00 
  200637:	66 2e 0f 1f 84 00 00 	nopw   %cs:0x0(%rax,%rax,1)
  20063e:	00 00 00 
  200641:	66 2e 0f 1f 84 00 00 	nopw   %cs:0x0(%rax,%rax,1)
  200648:	00 00 00 
  20064b:	66 2e 0f 1f 84 00 00 	nopw   %cs:0x0(%rax,%rax,1)
  200652:	00 00 00 
  200655:	66 2e 0f 1f 84 00 00 	nopw   %cs:0x0(%rax,%rax,1)
  20065c:	00 00 00 
  20065f:	66 2e 0f 1f 84 00 00 	nopw   %cs:0x0(%rax,%rax,1)
  200666:	00 00 00 
  200669:	66 2e 0f 1f 84 00 00 	nopw   %cs:0x0(%rax,%rax,1)
  200670:	00 00 00 
  200673:	66 2e 0f 1f 84 00 00 	nopw   %cs:0x0(%rax,%rax,1)
  20067a:	00 00 00 
  20067d:	66 2e 0f 1f 84 00 00 	nopw   %cs:0x0(%rax,%rax,1)
  200684:	00 00 00 
  200687:	66 2e 0f 1f 84 00 00 	nopw   %cs:0x0(%rax,%rax,1)
  20068e:	00 00 00 
  200691:	66 2e 0f 1f 84 00 00 	nopw   %cs:0x0(%rax,%rax,1)
  200698:	00 00 00 
  20069b:	66 2e 0f 1f 84 00 00 	nopw   %cs:0x0(%rax,%rax,1)
  2006a2:	00 00 00 
  2006a5:	66 2e 0f 1f 84 00 00 	nopw   %cs:0x0(%rax,%rax,1)
  2006ac:	00 00 00 
  2006af:	66 2e 0f 1f 84 00 00 	nopw   %cs:0x0(%rax,%rax,1)
  2006b6:	00 00 00 
  2006b9:	66 2e 0f 1f 84 00 00 	nopw   %cs:0x0(%rax,%rax,1)
  2006c0:	00 00 00 
  2006c3:	66 2e 0f 1f 84 00 00 	nopw   %cs:0x0(%rax,%rax,1)
  2006ca:	00 00 00 
  2006cd:	66 2e 0f 1f 84 00 00 	nopw   %cs:0x0(%rax,%rax,1)
  2006d4:	00 00 00 
  2006d7:	66 2e 0f 1f 84 00 00 	nopw   %cs:0x0(%rax,%rax,1)
  2006de:	00 00 00 
  2006e1:	66 2e 0f 1f 84 00 00 	nopw   %cs:0x0(%rax,%rax,1)
  2006e8:	00 00 00 
  2006eb:	66 2e 0f 1f 84 00 00 	nopw   %cs:0x0(%rax,%rax,1)
  2006f2:	00 00 00 
  2006f5:	66 2e 0f 1f 84 00 00 	nopw   %cs:0x0(%rax,%rax,1)
  2006fc:	00 00 00 
  2006ff:	66 2e 0f 1f 84 00 00 	nopw   %cs:0x0(%rax,%rax,1)
  200706:	00 00 00 
  200709:	66 2e 0f 1f 84 00 00 	nopw   %cs:0x0(%rax,%rax,1)
  200710:	00 00 00 
  200713:	66 2e 0f 1f 84 00 00 	nopw   %cs:0x0(%rax,%rax,1)
  20071a:	00 00 00 
  20071d:	66 2e 0f 1f 84 00 00 	nopw   %cs:0x0(%rax,%rax,1)
  200724:	00 00 00 
  200727:	66 2e 0f 1f 84 00 00 	nopw   %cs:0x0(%rax,%rax,1)
  20072e:	00 00 00 
  200731:	66 2e 0f 1f 84 00 00 	nopw   %cs:0x0(%rax,%rax,1)
  200738:	00 00 00 
  20073b:	66 2e 0f 1f 84 00 00 	nopw   %cs:0x0(%rax,%rax,1)
  200742:	00 00 00 
  200745:	66 2e 0f 1f 84 00 00 	nopw   %cs:0x0(%rax,%rax,1)
  20074c:	00 00 00 
  20074f:	66 2e 0f 1f 84 00 00 	nopw   %cs:0x0(%rax,%rax,1)
  200756:	00 00 00 
  200759:	66 2e 0f 1f 84 00 00 	nopw   %cs:0x0(%rax,%rax,1)
  200760:	00 00 00 
  200763:	66 2e 0f 1f 84 00 00 	nopw   %cs:0x0(%rax,%rax,1)
  20076a:	00 00 00 
  20076d:	66 2e 0f 1f 84 00 00 	nopw   %cs:0x0(%rax,%rax,1)
  200774:	00 00 00 
  200777:	66 2e 0f 1f 84 00 00 	nopw   %cs:0x0(%rax,%rax,1)
  20077e:	00 00 00 
  200781:	66 2e 0f 1f 84 00 00 	nopw   %cs:0x0(%rax,%rax,1)
  200788:	00 00 00 
  20078b:	66 2e 0f 1f 84 00 00 	nopw   %cs:0x0(%rax,%rax,1)
  200792:	00 00 00 
  200795:	66 2e 0f 1f 84 00 00 	nopw   %cs:0x0(%rax,%rax,1)
  20079c:	00 00 00 
  20079f:	66 2e 0f 1f 84 00 00 	nopw   %cs:0x0(%rax,%rax,1)
  2007a6:	00 00 00 
  2007a9:	66 2e 0f 1f 84 00 00 	nopw   %cs:0x0(%rax,%rax,1)
  2007b0:	00 00 00 
  2007b3:	66 2e 0f 1f 84 00 00 	nopw   %cs:0x0(%rax,%rax,1)
  2007ba:	00 00 00 
  2007bd:	66 2e 0f 1f 84 00 00 	nopw   %cs:0x0(%rax,%rax,1)
  2007c4:	00 00 00 
  2007c7:	66 2e 0f 1f 84 00 00 	nopw   %cs:0x0(%rax,%rax,1)
  2007ce:	00 00 00 
  2007d1:	66 2e 0f 1f 84 00 00 	nopw   %cs:0x0(%rax,%rax,1)
  2007d8:	00 00 00 
  2007db:	66 2e 0f 1f 84 00 00 	nopw   %cs:0x0(%rax,%rax,1)
  2007e2:	00 00 00 
  2007e5:	66 2e 0f 1f 84 00 00 	nopw   %cs:0x0(%rax,%rax,1)
  2007ec:	00 00 00 
  2007ef:	66 2e 0f 1f 84 00 00 	nopw   %cs:0x0(%rax,%rax,1)
  2007f6:	00 00 00 
  2007f9:	66 2e 0f 1f 84 00 00 	nopw   %cs:0x0(%rax,%rax,1)
  200800:	00 00 00 
  200803:	66 2e 0f 1f 84 00 00 	nopw   %cs:0x0(%rax,%rax,1)
  20080a:	00 00 00 
  20080d:	66 2e 0f 1f 84 00 00 	nopw   %cs:0x0(%rax,%rax,1)
  200814:	00 00 00 
  200817:	66 2e 0f 1f 84 00 00 	nopw   %cs:0x0(%rax,%rax,1)
  20081e:	00 00 00 
  200821:	66 2e 0f 1f 84 00 00 	nopw   %cs:0x0(%rax,%rax,1)
  200828:	00 00 00 
  20082b:	66 2e 0f 1f 84 00 00 	nopw   %cs:0x0(%rax,%rax,1)
  200832:	00 00 00 
  200835:	66 2e 0f 1f 84 00 00 	nopw   %cs:0x0(%rax,%rax,1)
  20083c:	00 00 00 
  20083f:	66 2e 0f 1f 84 00 00 	nopw   %cs:0x0(%rax,%rax,1)
  200846:	00 00 00 
  200849:	66 2e 0f 1f 84 00 00 	nopw   %cs:0x0(%rax,%rax,1)
  200850:	00 00 00 
  200853:	66 2e 0f 1f 84 00 00 	nopw   %cs:0x0(%rax,%rax,1)
  20085a:	00 00 00 
  20085d:	66 2e 0f 1f 84 00 00 	nopw   %cs:0x0(%rax,%rax,1)
  200864:	00 00 00 
  200867:	66 2e 0f 1f 84 00 00 	nopw   %cs:0x0(%rax,%rax,1)
  20086e:	00 00 00 
  200871:	66 2e 0f 1f 84 00 00 	nopw   %cs:0x0(%rax,%rax,1)
  200878:	00 00 00 
  20087b:	66 2e 0f 1f 84 00 00 	nopw   %cs:0x0(%rax,%rax,1)
  200882:	00 00 00 
  200885:	66 2e 0f 1f 84 00 00 	nopw   %cs:0x0(%rax,%rax,1)
  20088c:	00 00 00 
  20088f:	66 2e 0f 1f 84 00 00 	nopw   %cs:0x0(%rax,%rax,1)
  200896:	00 00 00 
  200899:	66 2e 0f 1f 84 00 00 	nopw   %cs:0x0(%rax,%rax,1)
  2008a0:	00 00 00 
  2008a3:	66 2e 0f 1f 84 00 00 	nopw   %cs:0x0(%rax,%rax,1)
  2008aa:	00 00 00 
  2008ad:	66 2e 0f 1f 84 00 00 	nopw   %cs:0x0(%rax,%rax,1)
  2008b4:	00 00 00 
  2008b7:	66 2e 0f 1f 84 00 00 	nopw   %cs:0x0(%rax,%rax,1)
  2008be:	00 00 00 
  2008c1:	66 2e 0f 1f 84 00 00 	nopw   %cs:0x0(%rax,%rax,1)
  2008c8:	00 00 00 
  2008cb:	66 2e 0f 1f 84 00 00 	nopw   %cs:0x0(%rax,%rax,1)
  2008d2:	00 00 00 
  2008d5:	66 2e 0f 1f 84 00 00 	nopw   %cs:0x0(%rax,%rax,1)
  2008dc:	00 00 00 
  2008df:	66 2e 0f 1f 84 00 00 	nopw   %cs:0x0(%rax,%rax,1)
  2008e6:	00 00 00 
  2008e9:	66 2e 0f 1f 84 00 00 	nopw   %cs:0x0(%rax,%rax,1)
  2008f0:	00 00 00 
  2008f3:	66 2e 0f 1f 84 00 00 	nopw   %cs:0x0(%rax,%rax,1)
  2008fa:	00 00 00 
  2008fd:	66 2e 0f 1f 84 00 00 	nopw   %cs:0x0(%rax,%rax,1)
  200904:	00 00 00 
  200907:	66 2e 0f 1f 84 00 00 	nopw   %cs:0x0(%rax,%rax,1)
  20090e:	00 00 00 
  200911:	66 2e 0f 1f 84 00 00 	nopw   %cs:0x0(%rax,%rax,1)
  200918:	00 00 00 
  20091b:	66 2e 0f 1f 84 00 00 	nopw   %cs:0x0(%rax,%rax,1)
  200922:	00 00 00 
  200925:	66 2e 0f 1f 84 00 00 	nopw   %cs:0x0(%rax,%rax,1)
  20092c:	00 00 00 
  20092f:	66 2e 0f 1f 84 00 00 	nopw   %cs:0x0(%rax,%rax,1)
  200936:	00 00 00 
  200939:	66 2e 0f 1f 84 00 00 	nopw   %cs:0x0(%rax,%rax,1)
  200940:	00 00 00 
  200943:	66 2e 0f 1f 84 00 00 	nopw   %cs:0x0(%rax,%rax,1)
  20094a:	00 00 00 
  20094d:	66 2e 0f 1f 84 00 00 	nopw   %cs:0x0(%rax,%rax,1)
  200954:	00 00 00 
  200957:	66 2e 0f 1f 84 00 00 	nopw   %cs:0x0(%rax,%rax,1)
  20095e:	00 00 00 
  200961:	66 2e 0f 1f 84 00 00 	nopw   %cs:0x0(%rax,%rax,1)
  200968:	00 00 00 
  20096b:	66 2e 0f 1f 84 00 00 	nopw   %cs:0x0(%rax,%rax,1)
  200972:	00 00 00 
  200975:	66 2e 0f 1f 84 00 00 	nopw   %cs:0x0(%rax,%rax,1)
  20097c:	00 00 00 
  20097f:	66 2e 0f 1f 84 00 00 	nopw   %cs:0x0(%rax,%rax,1)
  200986:	00 00 00 
  200989:	66 2e 0f 1f 84 00 00 	nopw   %cs:0x0(%rax,%rax,1)
  200990:	00 00 00 
  200993:	66 2e 0f 1f 84 00 00 	nopw   %cs:0x0(%rax,%rax,1)
  20099a:	00 00 00 
  20099d:	66 2e 0f 1f 84 00 00 	nopw   %cs:0x0(%rax,%rax,1)
  2009a4:	00 00 00 
  2009a7:	66 2e 0f 1f 84 00 00 	nopw   %cs:0x0(%rax,%rax,1)
  2009ae:	00 00 00 
  2009b1:	66 2e 0f 1f 84 00 00 	nopw   %cs:0x0(%rax,%rax,1)
  2009b8:	00 00 00 
  2009bb:	66 2e 0f 1f 84 00 00 	nopw   %cs:0x0(%rax,%rax,1)
  2009c2:	00 00 00 
  2009c5:	66 2e 0f 1f 84 00 00 	nopw   %cs:0x0(%rax,%rax,1)
  2009cc:	00 00 00 
  2009cf:	66 2e 0f 1f 84 00 00 	nopw   %cs:0x0(%rax,%rax,1)
  2009d6:	00 00 00 
  2009d9:	66 2e 0f 1f 84 00 00 	nopw   %cs:0x0(%rax,%rax,1)
  2009e0:	00 00 00 
  2009e3:	66 2e 0f 1f 84 00 00 	nopw   %cs:0x0(%rax,%rax,1)
  2009ea:	00 00 00 
  2009ed:	66 2e 0f 1f 84 00 00 	nopw   %cs:0x0(%rax,%rax,1)
  2009f4:	00 00 00 
  2009f7:	66 2e 0f 1f 84 00 00 	nopw   %cs:0x0(%rax,%rax,1)
  2009fe:	00 00 00 
  200a01:	66 2e 0f 1f 84 00 00 	nopw   %cs:0x0(%rax,%rax,1)
  200a08:	00 00 00 
  200a0b:	66 2e 0f 1f 84 00 00 	nopw   %cs:0x0(%rax,%rax,1)
  200a12:	00 00 00 
  200a15:	66 2e 0f 1f 84 00 00 	nopw   %cs:0x0(%rax,%rax,1)
  200a1c:	00 00 00 
  200a1f:	66 2e 0f 1f 84 00 00 	nopw   %cs:0x0(%rax,%rax,1)
  200a26:	00 00 00 
  200a29:	66 2e 0f 1f 84 00 00 	nopw   %cs:0x0(%rax,%rax,1)
  200a30:	00 00 00 
  200a33:	66 2e 0f 1f 84 00 00 	nopw   %cs:0x0(%rax,%rax,1)
  200a3a:	00 00 00 
  200a3d:	66 2e 0f 1f 84 00 00 	nopw   %cs:0x0(%rax,%rax,1)
  200a44:	00 00 00 
  200a47:	66 2e 0f 1f 84 00 00 	nopw   %cs:0x0(%rax,%rax,1)
  200a4e:	00 00 00 
  200a51:	66 2e 0f 1f 84 00 00 	nopw   %cs:0x0(%rax,%rax,1)
  200a58:	00 00 00 
  200a5b:	66 2e 0f 1f 84 00 00 	nopw   %cs:0x0(%rax,%rax,1)
  200a62:	00 00 00 
  200a65:	66 2e 0f 1f 84 00 00 	nopw   %cs:0x0(%rax,%rax,1)
  200a6c:	00 00 00 
  200a6f:	66 2e 0f 1f 84 00 00 	nopw   %cs:0x0(%rax,%rax,1)
  200a76:	00 00 00 
  200a79:	66 2e 0f 1f 84 00 00 	nopw   %cs:0x0(%rax,%rax,1)
  200a80:	00 00 00 
  200a83:	66 2e 0f 1f 84 00 00 	nopw   %cs:0x0(%rax,%rax,1)
  200a8a:	00 00 00 
  200a8d:	66 2e 0f 1f 84 00 00 	nopw   %cs:0x0(%rax,%rax,1)
  200a94:	00 00 00 
  200a97:	66 2e 0f 1f 84 00 00 	nopw   %cs:0x0(%rax,%rax,1)
  200a9e:	00 00 00 
  200aa1:	66 2e 0f 1f 84 00 00 	nopw   %cs:0x0(%rax,%rax,1)
  200aa8:	00 00 00 
  200aab:	66 2e 0f 1f 84 00 00 	nopw   %cs:0x0(%rax,%rax,1)
  200ab2:	00 00 00 
  200ab5:	66 2e 0f 1f 84 00 00 	nopw   %cs:0x0(%rax,%rax,1)
  200abc:	00 00 00 
  200abf:	66 2e 0f 1f 84 00 00 	nopw   %cs:0x0(%rax,%rax,1)
  200ac6:	00 00 00 
  200ac9:	66 2e 0f 1f 84 00 00 	nopw   %cs:0x0(%rax,%rax,1)
  200ad0:	00 00 00 
  200ad3:	66 2e 0f 1f 84 00 00 	nopw   %cs:0x0(%rax,%rax,1)
  200ada:	00 00 00 
  200add:	66 2e 0f 1f 84 00 00 	nopw   %cs:0x0(%rax,%rax,1)
  200ae4:	00 00 00 
  200ae7:	66 2e 0f 1f 84 00 00 	nopw   %cs:0x0(%rax,%rax,1)
  200aee:	00 00 00 
  200af1:	66 2e 0f 1f 84 00 00 	nopw   %cs:0x0(%rax,%rax,1)
  200af8:	00 00 00 
  200afb:	66 2e 0f 1f 84 00 00 	nopw   %cs:0x0(%rax,%rax,1)
  200b02:	00 00 00 
  200b05:	66 2e 0f 1f 84 00 00 	nopw   %cs:0x0(%rax,%rax,1)
  200b0c:	00 00 00 
  200b0f:	66 2e 0f 1f 84 00 00 	nopw   %cs:0x0(%rax,%rax,1)
  200b16:	00 00 00 
  200b19:	66 2e 0f 1f 84 00 00 	nopw   %cs:0x0(%rax,%rax,1)
  200b20:	00 00 00 
  200b23:	66 2e 0f 1f 84 00 00 	nopw   %cs:0x0(%rax,%rax,1)
  200b2a:	00 00 00 
  200b2d:	66 2e 0f 1f 84 00 00 	nopw   %cs:0x0(%rax,%rax,1)
  200b34:	00 00 00 
  200b37:	66 2e 0f 1f 84 00 00 	nopw   %cs:0x0(%rax,%rax,1)
  200b3e:	00 00 00 
  200b41:	66 2e 0f 1f 84 00 00 	nopw   %cs:0x0(%rax,%rax,1)
  200b48:	00 00 00 
  200b4b:	66 2e 0f 1f 84 00 00 	nopw   %cs:0x0(%rax,%rax,1)
  200b52:	00 00 00 
  200b55:	66 2e 0f 1f 84 00 00 	nopw   %cs:0x0(%rax,%rax,1)
  200b5c:	00 00 00 
  200b5f:	66 2e 0f 1f 84 00 00 	nopw   %cs:0x0(%rax,%rax,1)
  200b66:	00 00 00 
  200b69:	66 2e 0f 1f 84 00 00 	nopw   %cs:0x0(%rax,%rax,1)
  200b70:	00 00 00 
  200b73:	66 2e 0f 1f 84 00 00 	nopw   %cs:0x0(%rax,%rax,1)
  200b7a:	00 00 00 
  200b7d:	66 2e 0f 1f 84 00 00 	nopw   %cs:0x0(%rax,%rax,1)
  200b84:	00 00 00 
  200b87:	66 2e 0f 1f 84 00 00 	nopw   %cs:0x0(%rax,%rax,1)
  200b8e:	00 00 00 
  200b91:	66 2e 0f 1f 84 00 00 	nopw   %cs:0x0(%rax,%rax,1)
  200b98:	00 00 00 
  200b9b:	66 2e 0f 1f 84 00 00 	nopw   %cs:0x0(%rax,%rax,1)
  200ba2:	00 00 00 
  200ba5:	66 2e 0f 1f 84 00 00 	nopw   %cs:0x0(%rax,%rax,1)
  200bac:	00 00 00 
  200baf:	66 2e 0f 1f 84 00 00 	nopw   %cs:0x0(%rax,%rax,1)
  200bb6:	00 00 00 
  200bb9:	66 2e 0f 1f 84 00 00 	nopw   %cs:0x0(%rax,%rax,1)
  200bc0:	00 00 00 
  200bc3:	66 2e 0f 1f 84 00 00 	nopw   %cs:0x0(%rax,%rax,1)
  200bca:	00 00 00 
  200bcd:	66 2e 0f 1f 84 00 00 	nopw   %cs:0x0(%rax,%rax,1)
  200bd4:	00 00 00 
  200bd7:	66 2e 0f 1f 84 00 00 	nopw   %cs:0x0(%rax,%rax,1)
  200bde:	00 00 00 
  200be1:	66 2e 0f 1f 84 00 00 	nopw   %cs:0x0(%rax,%rax,1)
  200be8:	00 00 00 
  200beb:	66 2e 0f 1f 84 00 00 	nopw   %cs:0x0(%rax,%rax,1)
  200bf2:	00 00 00 
  200bf5:	66 2e 0f 1f 84 00 00 	nopw   %cs:0x0(%rax,%rax,1)
  200bfc:	00 00 00 
  200bff:	66 2e 0f 1f 84 00 00 	nopw   %cs:0x0(%rax,%rax,1)
  200c06:	00 00 00 
  200c09:	66 2e 0f 1f 84 00 00 	nopw   %cs:0x0(%rax,%rax,1)
  200c10:	00 00 00 
  200c13:	66 2e 0f 1f 84 00 00 	nopw   %cs:0x0(%rax,%rax,1)
  200c1a:	00 00 00 
  200c1d:	66 2e 0f 1f 84 00 00 	nopw   %cs:0x0(%rax,%rax,1)
  200c24:	00 00 00 
  200c27:	66 2e 0f 1f 84 00 00 	nopw   %cs:0x0(%rax,%rax,1)
  200c2e:	00 00 00 
  200c31:	66 2e 0f 1f 84 00 00 	nopw   %cs:0x0(%rax,%rax,1)
  200c38:	00 00 00 
  200c3b:	66 2e 0f 1f 84 00 00 	nopw   %cs:0x0(%rax,%rax,1)
  200c42:	00 00 00 
  200c45:	66 2e 0f 1f 84 00 00 	nopw   %cs:0x0(%rax,%rax,1)
  200c4c:	00 00 00 
  200c4f:	66 2e 0f 1f 84 00 00 	nopw   %cs:0x0(%rax,%rax,1)
  200c56:	00 00 00 
  200c59:	66 2e 0f 1f 84 00 00 	nopw   %cs:0x0(%rax,%rax,1)
  200c60:	00 00 00 
  200c63:	66 2e 0f 1f 84 00 00 	nopw   %cs:0x0(%rax,%rax,1)
  200c6a:	00 00 00 
  200c6d:	66 2e 0f 1f 84 00 00 	nopw   %cs:0x0(%rax,%rax,1)
  200c74:	00 00 00 
  200c77:	66 2e 0f 1f 84 00 00 	nopw   %cs:0x0(%rax,%rax,1)
  200c7e:	00 00 00 
  200c81:	66 2e 0f 1f 84 00 00 	nopw   %cs:0x0(%rax,%rax,1)
  200c88:	00 00 00 
  200c8b:	66 2e 0f 1f 84 00 00 	nopw   %cs:0x0(%rax,%rax,1)
  200c92:	00 00 00 
  200c95:	66 2e 0f 1f 84 00 00 	nopw   %cs:0x0(%rax,%rax,1)
  200c9c:	00 00 00 
  200c9f:	66 2e 0f 1f 84 00 00 	nopw   %cs:0x0(%rax,%rax,1)
  200ca6:	00 00 00 
  200ca9:	66 2e 0f 1f 84 00 00 	nopw   %cs:0x0(%rax,%rax,1)
  200cb0:	00 00 00 
  200cb3:	66 2e 0f 1f 84 00 00 	nopw   %cs:0x0(%rax,%rax,1)
  200cba:	00 00 00 
  200cbd:	66 2e 0f 1f 84 00 00 	nopw   %cs:0x0(%rax,%rax,1)
  200cc4:	00 00 00 
  200cc7:	66 2e 0f 1f 84 00 00 	nopw   %cs:0x0(%rax,%rax,1)
  200cce:	00 00 00 
  200cd1:	66 2e 0f 1f 84 00 00 	nopw   %cs:0x0(%rax,%rax,1)
  200cd8:	00 00 00 
  200cdb:	66 2e 0f 1f 84 00 00 	nopw   %cs:0x0(%rax,%rax,1)
  200ce2:	00 00 00 
  200ce5:	66 2e 0f 1f 84 00 00 	nopw   %cs:0x0(%rax,%rax,1)
  200cec:	00 00 00 
  200cef:	66 2e 0f 1f 84 00 00 	nopw   %cs:0x0(%rax,%rax,1)
  200cf6:	00 00 00 
  200cf9:	66 2e 0f 1f 84 00 00 	nopw   %cs:0x0(%rax,%rax,1)
  200d00:	00 00 00 
  200d03:	66 2e 0f 1f 84 00 00 	nopw   %cs:0x0(%rax,%rax,1)
  200d0a:	00 00 00 
  200d0d:	66 2e 0f 1f 84 00 00 	nopw   %cs:0x0(%rax,%rax,1)
  200d14:	00 00 00 
  200d17:	66 2e 0f 1f 84 00 00 	nopw   %cs:0x0(%rax,%rax,1)
  200d1e:	00 00 00 
  200d21:	66 2e 0f 1f 84 00 00 	nopw   %cs:0x0(%rax,%rax,1)
  200d28:	00 00 00 
  200d2b:	66 2e 0f 1f 84 00 00 	nopw   %cs:0x0(%rax,%rax,1)
  200d32:	00 00 00 
  200d35:	66 2e 0f 1f 84 00 00 	nopw   %cs:0x0(%rax,%rax,1)
  200d3c:	00 00 00 
  200d3f:	66 2e 0f 1f 84 00 00 	nopw   %cs:0x0(%rax,%rax,1)
  200d46:	00 00 00 
  200d49:	66 2e 0f 1f 84 00 00 	nopw   %cs:0x0(%rax,%rax,1)
  200d50:	00 00 00 
  200d53:	66 2e 0f 1f 84 00 00 	nopw   %cs:0x0(%rax,%rax,1)
  200d5a:	00 00 00 
  200d5d:	66 2e 0f 1f 84 00 00 	nopw   %cs:0x0(%rax,%rax,1)
  200d64:	00 00 00 
  200d67:	66 2e 0f 1f 84 00 00 	nopw   %cs:0x0(%rax,%rax,1)
  200d6e:	00 00 00 
  200d71:	66 2e 0f 1f 84 00 00 	nopw   %cs:0x0(%rax,%rax,1)
  200d78:	00 00 00 
  200d7b:	66 2e 0f 1f 84 00 00 	nopw   %cs:0x0(%rax,%rax,1)
  200d82:	00 00 00 
  200d85:	66 2e 0f 1f 84 00 00 	nopw   %cs:0x0(%rax,%rax,1)
  200d8c:	00 00 00 
  200d8f:	66 2e 0f 1f 84 00 00 	nopw   %cs:0x0(%rax,%rax,1)
  200d96:	00 00 00 
  200d99:	66 2e 0f 1f 84 00 00 	nopw   %cs:0x0(%rax,%rax,1)
  200da0:	00 00 00 
  200da3:	66 2e 0f 1f 84 00 00 	nopw   %cs:0x0(%rax,%rax,1)
  200daa:	00 00 00 
  200dad:	66 2e 0f 1f 84 00 00 	nopw   %cs:0x0(%rax,%rax,1)
  200db4:	00 00 00 
  200db7:	66 2e 0f 1f 84 00 00 	nopw   %cs:0x0(%rax,%rax,1)
  200dbe:	00 00 00 
  200dc1:	66 2e 0f 1f 84 00 00 	nopw   %cs:0x0(%rax,%rax,1)
  200dc8:	00 00 00 
  200dcb:	66 2e 0f 1f 84 00 00 	nopw   %cs:0x0(%rax,%rax,1)
  200dd2:	00 00 00 
  200dd5:	66 2e 0f 1f 84 00 00 	nopw   %cs:0x0(%rax,%rax,1)
  200ddc:	00 00 00 
  200ddf:	66 2e 0f 1f 84 00 00 	nopw   %cs:0x0(%rax,%rax,1)
  200de6:	00 00 00 
  200de9:	66 2e 0f 1f 84 00 00 	nopw   %cs:0x0(%rax,%rax,1)
  200df0:	00 00 00 
  200df3:	66 2e 0f 1f 84 00 00 	nopw   %cs:0x0(%rax,%rax,1)
  200dfa:	00 00 00 
  200dfd:	66 2e 0f 1f 84 00 00 	nopw   %cs:0x0(%rax,%rax,1)
  200e04:	00 00 00 
  200e07:	66 2e 0f 1f 84 00 00 	nopw   %cs:0x0(%rax,%rax,1)
  200e0e:	00 00 00 
  200e11:	66 2e 0f 1f 84 00 00 	nopw   %cs:0x0(%rax,%rax,1)
  200e18:	00 00 00 
  200e1b:	66 2e 0f 1f 84 00 00 	nopw   %cs:0x0(%rax,%rax,1)
  200e22:	00 00 00 
  200e25:	66 2e 0f 1f 84 00 00 	nopw   %cs:0x0(%rax,%rax,1)
  200e2c:	00 00 00 
  200e2f:	66 2e 0f 1f 84 00 00 	nopw   %cs:0x0(%rax,%rax,1)
  200e36:	00 00 00 
  200e39:	66 2e 0f 1f 84 00 00 	nopw   %cs:0x0(%rax,%rax,1)
  200e40:	00 00 00 
  200e43:	66 2e 0f 1f 84 00 00 	nopw   %cs:0x0(%rax,%rax,1)
  200e4a:	00 00 00 
  200e4d:	66 2e 0f 1f 84 00 00 	nopw   %cs:0x0(%rax,%rax,1)
  200e54:	00 00 00 
  200e57:	66 2e 0f 1f 84 00 00 	nopw   %cs:0x0(%rax,%rax,1)
  200e5e:	00 00 00 
  200e61:	66 2e 0f 1f 84 00 00 	nopw   %cs:0x0(%rax,%rax,1)
  200e68:	00 00 00 
  200e6b:	66 2e 0f 1f 84 00 00 	nopw   %cs:0x0(%rax,%rax,1)
  200e72:	00 00 00 
  200e75:	66 2e 0f 1f 84 00 00 	nopw   %cs:0x0(%rax,%rax,1)
  200e7c:	00 00 00 
  200e7f:	66 2e 0f 1f 84 00 00 	nopw   %cs:0x0(%rax,%rax,1)
  200e86:	00 00 00 
  200e89:	66 2e 0f 1f 84 00 00 	nopw   %cs:0x0(%rax,%rax,1)
  200e90:	00 00 00 
  200e93:	66 2e 0f 1f 84 00 00 	nopw   %cs:0x0(%rax,%rax,1)
  200e9a:	00 00 00 
  200e9d:	66 2e 0f 1f 84 00 00 	nopw   %cs:0x0(%rax,%rax,1)
  200ea4:	00 00 00 
  200ea7:	66 2e 0f 1f 84 00 00 	nopw   %cs:0x0(%rax,%rax,1)
  200eae:	00 00 00 
  200eb1:	66 2e 0f 1f 84 00 00 	nopw   %cs:0x0(%rax,%rax,1)
  200eb8:	00 00 00 
  200ebb:	66 2e 0f 1f 84 00 00 	nopw   %cs:0x0(%rax,%rax,1)
  200ec2:	00 00 00 
  200ec5:	66 2e 0f 1f 84 00 00 	nopw   %cs:0x0(%rax,%rax,1)
  200ecc:	00 00 00 
  200ecf:	66 2e 0f 1f 84 00 00 	nopw   %cs:0x0(%rax,%rax,1)
  200ed6:	00 00 00 
  200ed9:	66 2e 0f 1f 84 00 00 	nopw   %cs:0x0(%rax,%rax,1)
  200ee0:	00 00 00 
  200ee3:	66 2e 0f 1f 84 00 00 	nopw   %cs:0x0(%rax,%rax,1)
  200eea:	00 00 00 
  200eed:	66 2e 0f 1f 84 00 00 	nopw   %cs:0x0(%rax,%rax,1)
  200ef4:	00 00 00 
  200ef7:	66 2e 0f 1f 84 00 00 	nopw   %cs:0x0(%rax,%rax,1)
  200efe:	00 00 00 
  200f01:	66 2e 0f 1f 84 00 00 	nopw   %cs:0x0(%rax,%rax,1)
  200f08:	00 00 00 
  200f0b:	66 2e 0f 1f 84 00 00 	nopw   %cs:0x0(%rax,%rax,1)
  200f12:	00 00 00 
  200f15:	66 2e 0f 1f 84 00 00 	nopw   %cs:0x0(%rax,%rax,1)
  200f1c:	00 00 00 
  200f1f:	66 2e 0f 1f 84 00 00 	nopw   %cs:0x0(%rax,%rax,1)
  200f26:	00 00 00 
  200f29:	66 2e 0f 1f 84 00 00 	nopw   %cs:0x0(%rax,%rax,1)
  200f30:	00 00 00 
  200f33:	66 2e 0f 1f 84 00 00 	nopw   %cs:0x0(%rax,%rax,1)
  200f3a:	00 00 00 
  200f3d:	66 2e 0f 1f 84 00 00 	nopw   %cs:0x0(%rax,%rax,1)
  200f44:	00 00 00 
  200f47:	66 2e 0f 1f 84 00 00 	nopw   %cs:0x0(%rax,%rax,1)
  200f4e:	00 00 00 
  200f51:	66 2e 0f 1f 84 00 00 	nopw   %cs:0x0(%rax,%rax,1)
  200f58:	00 00 00 
  200f5b:	66 2e 0f 1f 84 00 00 	nopw   %cs:0x0(%rax,%rax,1)
  200f62:	00 00 00 
  200f65:	66 2e 0f 1f 84 00 00 	nopw   %cs:0x0(%rax,%rax,1)
  200f6c:	00 00 00 
  200f6f:	66 2e 0f 1f 84 00 00 	nopw   %cs:0x0(%rax,%rax,1)
  200f76:	00 00 00 
  200f79:	66 2e 0f 1f 84 00 00 	nopw   %cs:0x0(%rax,%rax,1)
  200f80:	00 00 00 
  200f83:	66 2e 0f 1f 84 00 00 	nopw   %cs:0x0(%rax,%rax,1)
  200f8a:	00 00 00 
  200f8d:	66 2e 0f 1f 84 00 00 	nopw   %cs:0x0(%rax,%rax,1)
  200f94:	00 00 00 
  200f97:	66 2e 0f 1f 84 00 00 	nopw   %cs:0x0(%rax,%rax,1)
  200f9e:	00 00 00 
  200fa1:	66 2e 0f 1f 84 00 00 	nopw   %cs:0x0(%rax,%rax,1)
  200fa8:	00 00 00 
  200fab:	66 2e 0f 1f 84 00 00 	nopw   %cs:0x0(%rax,%rax,1)
  200fb2:	00 00 00 
  200fb5:	66 2e 0f 1f 84 00 00 	nopw   %cs:0x0(%rax,%rax,1)
  200fbc:	00 00 00 
  200fbf:	66 2e 0f 1f 84 00 00 	nopw   %cs:0x0(%rax,%rax,1)
  200fc6:	00 00 00 
  200fc9:	66 2e 0f 1f 84 00 00 	nopw   %cs:0x0(%rax,%rax,1)
  200fd0:	00 00 00 
  200fd3:	66 2e 0f 1f 84 00 00 	nopw   %cs:0x0(%rax,%rax,1)
  200fda:	00 00 00 
  200fdd:	66 2e 0f 1f 84 00 00 	nopw   %cs:0x0(%rax,%rax,1)
  200fe4:	00 00 00 
  200fe7:	66 2e 0f 1f 84 00 00 	nopw   %cs:0x0(%rax,%rax,1)
  200fee:	00 00 00 
  200ff1:	66 2e 0f 1f 84 00 00 	nopw   %cs:0x0(%rax,%rax,1)
  200ff8:	00 00 00 
  200ffb:	0f 1f 44 00 00       	nopl   0x0(%rax,%rax,1)

Disassembly of section .init.text:

0000000000201000 <SOmBRA>:
  201000:	fa                   	cli    
  201001:	66 c7 04 25 00 80 0b 	movw   $0x9f44,0xb8000
  201008:	00 44 9f 
  20100b:	f4                   	hlt    
